P=           0.5__0.7__0.9__0.95__0.99__0.995__0.999__
beta=0.95
delta=0.1:273__327__535__689__1075_1248_1657_
delta=0.2:70___88___145__187__288__333__439__
delta=0.3:32___42___70___90___137__158__207__
delta=0.4:19___26___43___55___83___95___123__
delta=0.5:13___18___30___38___57___65___84___
delta=0.6:10___14___23___29___42___48___61___
delta=0.7:8____11___18___23___33___37___48___
delta=0.8:7____9____15___19___27___31___39___
delta=0.9:6____8____13___16___23___26___32___
delta=1.0:5____7____11___14___20___22___27___
beta=0.99
delta=0.1:545__650__1060_1367_2134_2478_3293_
delta=0.2:139__173__285__367__567__656__867__
delta=0.3:64___82___137__175__268__309__405__
delta=0.4:38___50___83___105__160__184__240__
delta=0.5:25___34___57___72___109__124__161__
delta=0.6:19___26___43___54___80___91___118__
delta=0.7:15___20___34___42___62___71___91___
delta=0.8:12___17___28___35___50___57___73___
delta=0.9:10___14___23___29___42___48___60___
delta=1.0:9____13___20___25___36___41___51___
