b and c by MLE
a= 9.393667891901092 s= 0.5008259070262849
FunMin=0.0
Sample size n= 20
Sample:
2980.4091 3330.3572 4947.7124 5320.5833 6235.7132 6713.079 7330.5166 8231.1757 8774.0586 8821.4352 9099.0633 9630.0083 12068.2687 13032.4174 13125.3913 13158.1253 15128.9725 17312.1445 22853.1307 23826.4224
Observed values sample size n= 20
Empiricalr probability:
0.025 0.075 0.125 0.175 0.225 0.275 0.325 0.375 0.425 0.475 0.525 0.575 0.625 0.675 0.725 0.775 0.825 0.875 0.925 0.975
Tolerance probability= 0.95
Probability range:
0.025 0.075 0.125 0.175 0.225 0.275 0.325 0.375 0.425 0.475 0.525 0.575 0.625 0.675 0.725 0.775 0.825 0.875 0.925 0.975 0.99 0.995
Weibull quantiles:
-3.676247257954172 -2.55153963196627 -2.0134186780399483 -1.6483248395333734 -1.3669143735986529 -1.1344976629754648 -0.9338373062930091 -0.7550148625084082 -0.5917008867505634 -0.43950233320868604 -0.29512238311359534 -0.15587503727672333 -0.0193568885804821 0.11683155794713049 0.2554048587418497 0.3998861591913061 0.555590155974685 0.7320993680864453 0.9517610230733609 1.3053227409632364 1.5271796258079011 1.6673892921414593
Upper non central t quantile
-12.247261351284436 -8.198907785551949 -6.236482490282494 -4.8883922469875545 -3.8356642522663846 -2.9538930006316595 -2.1807860279485465 -1.4800247395035648 -0.8279229372655292 -0.20747615089232205 0.3947126112111179 0.9902755838843125 1.590421519647486 2.207210916142168 2.8551977459689186 3.5541845466480066 4.334943670459127 5.253897774327461 6.443892412774895 8.448327742811731 9.748747146066346 10.583332312055763
Low non central t quantile
-24.561372422049406 -17.458104785598042 -14.084991403539526 -11.813129139888096 -10.075636062108224 -8.65296564549089 -7.4364992959051675 -6.364212985617022 -5.397035650244133 -4.5084141441991195 -3.6790570756815275 -2.893964651074619 -2.1405155312813124 -1.4069789117539935 -0.6809935878473318 0.05257034393263441 0.8156364344914676 1.6467939389065158 2.6347729466386918 4.1359476599569724 5.035267890112503 5.590879653269941
Upper tolerance limit
8.02212064097554 8.475487973034044 8.695256208696893 8.84622624307089 8.964119227119994 9.062867094209313 9.14944585762761 9.227922766967097 9.300950394003845 9.370433036676978 9.437870998316836 9.504566950537804 9.571776139983557 9.640849198596255 9.71341599778452 9.791694185650911 9.879129898761246 9.98204180198075 10.115307013538235 10.339779872222007 10.485411340876592 10.578874928959163
Quantile estimations
7.552508024483301 8.115790741408071 8.385295656248072 8.568144109067834 8.70908176091628 8.825482070822204 8.925977975961914 9.015536888566993 9.097328758605984 9.173553737231684 9.245862956694467 9.315601634974222 9.383973460620565 9.452180162879259 9.5215812619394 9.593941240285336 9.671921835701989 9.760322221956356 9.870334469554074 10.047407337606042 10.158519013188396 10.228739646503755
Low tolerance limit
6.643087018497294 7.43856830365347 7.816316785826373 8.070738272623977 8.265316781727257 8.424638906316359 8.56086863390707 8.680951916111756 8.789264246308665 8.888779260218412 8.981657363717174 9.069578354851991 9.153955673121304 9.236103028771586 9.317404729344185 9.399555143641127 9.485009447975926 9.578089178829146 9.688731048318207 9.856844718154663 9.957557861607114 10.019779754688587
