MO and Std by observed values
a= 5.036804469900001
s= 0.22073101391354497
Sample size n= 20
Sample:
4.673020907 4.741939078 4.788875116 4.821513528 4.850646235 4.870403905 4.911157609 4.925312091 4.962842681 4.980003372 5.06069784 5.089905111 5.127104798 5.152288344 5.184691431 5.214843848 5.243038049 5.285557309 5.344392274 5.507855872
Observed values sample size n= 20
Empirical probability:
0.025 0.075 0.125 0.175 0.225 0.275 0.325 0.375 0.425 0.475 0.525 0.575 0.625 0.675 0.725 0.775 0.825 0.875 0.925 0.975
Tolerance probability= 0.95
Probability range:
0.005 0.01 0.025 0.05 0.1 0.2 0.3 0.5 0.7 0.8 0.9 0.95 0.975 0.99 0.995
Normal quantiles:
-1.9599639845400545 -1.4395314709384563 -1.1503493803760079 -0.9345892910734802 -0.7554150263604693 -0.5977601260424784 -0.45376219016987945 -0.31863936396437514 -0.18911842627279252 -0.06270677794321385 0.06270677794321385 0.18911842627279238 0.31863936396437514 0.45376219016987956 0.5977601260424784 0.7554150263604693 0.93458929107348 1.1503493803760079 1.4395314709384563 1.959963984540054
Upper non central t quantile
-8.74676202528277 -7.822675854083404 -6.45128398594426 -5.252892445488614 -3.8391569022279 -2.0563626247130182 -0.6990033066665915 1.7291328115213687 4.409020989973387 6.132906412177446 8.613293476058365 10.715245278147606 12.564656194340255 14.736389811615929 16.22486999785323
Low non central t quantile
-16.22486999785322 -14.736389811615929 -12.564656194340259 -10.715245278147613 -8.613293476058365 -6.132906412177446 -4.409020989973388 -1.7291328115213687 0.6990033066665904 2.0563626247130182 3.8391569022279 5.252892445488609 6.451283985944256 7.822675854083402 8.746762025282763
Upper tolerance limit
4.6050909286015145 4.65070100834077 4.718388735318017 4.777537692874746 4.84731537472735 4.935308671987286 5.002303795018472 5.1221492005877165 5.2544203213132255 5.339506056841567 5.4619304099957695 5.5656763508931775 5.656957642602928 5.764147801425244 5.837614651271585
Quantile estimations
4.468239056059431 4.523307344947346 4.604179632358443 4.67373426108363 4.7539262934548505 4.851032561682283 4.921053013033172 5.036804469900001 5.152555926766829 5.222576378117719 5.319682646345151 5.399874678716371 5.469429307441558 5.550301594852655 5.60536988374057
Low tolerance limit
4.235994288528416 4.309461138374758 4.416651297197073 4.507932588906823 4.611678529804232 4.734102882958434 4.819188618486776 4.951459739212285 5.07130514478153 5.138300267812715 5.226293565072652 5.296071246925256 5.355220204481984 5.422907931459232 5.468518011198487
