MO and Std by observed values
a= 5.036691823768252
s= 0.2267676166540702
Sample size n= 20
Sample:
4.673020907 4.741939078 4.788875116 4.821513528 4.850646235 4.870403905 4.911157609 4.925312091 4.962842681 4.980003372 5.06069784 5.089905111 5.127104798 5.152288344 5.184691431 5.214843848 5.243038049 5.285557309 5.344392274 5.507855872
Observed values sample size n= 20
Empirical probability:
0.025 0.075 0.125 0.175 0.225 0.275 0.325 0.375 0.425 0.475 0.525 0.575 0.625 0.675 0.725 0.775 0.825 0.875 0.925 0.975
Tolerance probability= 0.95
D{b}= [[ 1.00018525e+00 -4.10904645e-16]
 [ 2.15313144e-16  5.38613662e-01]]
Tolerance probability= 0.95
Probability range:
0.005 0.01 0.025 0.05 0.1 0.2 0.3 0.5 0.7 0.8 0.9 0.95 0.975 0.99 0.995
Normal quantiles:
-1.9599639845400545 -1.4395314709384563 -1.1503493803760079 -0.9345892910734802 -0.7554150263604693 -0.5977601260424784 -0.45376219016987945 -0.31863936396437514 -0.18911842627279252 -0.06270677794321385 0.06270677794321385 0.18911842627279238 0.31863936396437514 0.45376219016987956 0.5977601260424784 0.7554150263604693 0.93458929107348 1.1503493803760079 1.4395314709384563 1.959963984540054
Upper non central t quantile
-8.720887152753528 -7.799258432367729 -6.431763136563904 -5.237145511956796 -3.828449260018949 -2.0524919705202183 -0.6987455605828405 1.7386739873903174 4.466722774777374 6.237675043118996 8.795134950009306 10.965049414291522 12.874342893551065 15.115815045222071 16.65163705792082
Low non central t quantile
-16.651637057920816 -15.115815045222071 -12.874342893551072 -10.965049414291528 -8.795134950009306 -6.2376750431189985 -4.466722774777377 -1.7386739873903179 0.6987455605828403 2.0524919705202196 3.828449260018949 5.237145511956794 6.431763136563905 7.799258432367729 8.720887152753523
Upper tolerance limit
4.594483712333679 4.6412165376468675 4.7105578215737145 4.771133035357689 4.842563487127463 4.932616563749344 5.001260685937158 5.124854384170325 5.263184955480482 5.352984243592685 5.482664801967819 5.5926941786146465 5.689508304155892 5.8031661407569155 5.881042730585362
Quantile estimations
4.452577151694754 4.509151460863747 4.592235462266289 4.663692287039663 4.746077429630411 4.8458393825054635 4.917774769329277 5.036691823768252 5.155608878207227 5.227544265031041 5.327306217906093 5.409691360496841 5.481148185270215 5.564232186672757 5.62080649584175
Low tolerance limit
4.192340916951142 4.270217506779589 4.383875343380613 4.480689468921857 4.590718845568685 4.720399403943818 4.810198692056022 4.948529263366179 5.072122961599346 5.14076708378716 5.230820160409041 5.302250612178815 5.36282582596279 5.432167109889637 5.478899935202826
