D{b}= [[ 1.11839627 -0.23832326]
 [-0.23832326  0.66304021]]
a and s by MLS
a= 9.405249926972699 s= 0.5213725287189087
b and c by MLS
c= 12152.010726539775 b= 1.9180143657686597
Sample size n= 20
Sample:
2980.4091 3330.3572 4947.7124 5320.5833 6235.7132 6713.079 7330.5166 8231.1757 8774.0586 8821.4352 9099.0633 9630.0083 12068.2687 13032.4174 13125.3913 13158.1253 15128.9725 17312.1445 22853.1307 23826.4224
Sample log:
7.99981585195635 8.110834844489036 8.50668060732834 8.579338219182494 8.738048238100163 8.81181299208044 8.899801269887044 9.0156841388753 9.079554760527653 9.084939856851632 9.115926753140933 9.172639366681727 9.398334865526605 9.475195178621025 9.482303900348748 9.484794740324421 9.62436689304208 9.759163528422834 10.036843397878128 10.078550428734014
Observed values sample size n= 20
Empiricalr probability:
0.025 0.075 0.125 0.175 0.225 0.275 0.325 0.375 0.425 0.475 0.525 0.575 0.625 0.675 0.725 0.775 0.825 0.875 0.925 0.975
Tolerance probability= 0.95
Probability range:
0.025 0.075 0.125 0.175 0.225 0.275 0.325 0.375 0.425 0.475 0.525 0.575 0.625 0.675 0.725 0.775 0.825 0.875 0.925 0.975 0.99 0.995
Weibull quantiles:
-3.676247257954172 -2.55153963196627 -2.0134186780399483 -1.6483248395333734 -1.3669143735986529 -1.1344976629754648 -0.9338373062930091 -0.7550148625084082 -0.5917008867505634 -0.43950233320868604 -0.29512238311359534 -0.15587503727672333 -0.0193568885804821 0.11683155794713049 0.2554048587418497 0.3998861591913061 0.555590155974685 0.7320993680864453 0.9517610230733609 1.3053227409632364 1.5271796258079011 1.6673892921414593
Upper non central t quantile
-12.133126041361072 -8.142181335638684 -6.205492135249491 -4.873276249862216 -3.8311657767125142 -2.9564298995148546 -2.187486960562352 -1.4882960891281924 -0.8352066517208495 -0.21108861350709074 0.3977027795682673 1.00314832427656 1.6168932052811533 2.251518034067542 2.9221969428983203 3.6495235616780684 4.465446853251929 5.428584695936347 6.677248527377853 8.778199857468644 10.138215810035879 11.009793912982373
Low non central t quantile
-25.29082704510299 -17.933610390679956 -14.440725473024564 -12.089189514613055 -10.291903061778665 -8.82158296709254 -7.565887632416643 -6.460782080501919 -5.46605362600245 -4.554507012830146 -3.7065224998919915 -2.9069794831145326 -2.14327306549164 -1.4037732499062225 -0.6762646286709807 0.05420727114997908 0.8093181213294656 1.627136479450552 2.594831680196248 4.061274517865533 4.939767196254746 5.48288735002878
Upper tolerance limit
7.990740469052997 8.456014547063448 8.681798502629624 8.837111483261923 8.958603266619518 9.060582110922283 9.15022735618233 9.231740735105722 9.307879496289852 9.380640701019958 9.451615088038574 9.522199407885395 9.593751284621147 9.667737396649397 9.745926781358202 9.830720294402866 9.925842623877879 10.038127585157705 10.183699863341847 10.428633899048034 10.587187879388308 10.688798582658908
Quantile estimations
7.488555597897178 8.074947256927931 8.355508739433128 8.545858637234995 8.692578323467346 8.813754011601489 8.918372809178658 9.011605918886332 9.096753339402337 9.176105484129826 9.251381223807213 9.32398096462358 9.395157777025362 9.466162691773764 9.538411004022032 9.613739584989963 9.694919371524554 9.786946425785445 9.901471978308553 10.085809345222998 10.201479430288162 10.274580898575323
Low tolerance limit
6.456783560435515 7.314505841253287 7.721714893117253 7.995862696615898 8.205394739508943 8.376808246054006 8.523200274053202 8.65203617750085 8.768004049437135 8.87427437921624 8.973134484157992 9.066347161203462 9.155381920021508 9.241594614071632 9.326409345406931 9.411569542994842 9.499602209573558 9.594945470533606 9.707761739743377 9.878723226198778 9.98114004755699 10.044458321156165
