D{b}= [[ 1.11839627 -0.23832326]
 [-0.23832326  0.66304021]]
a and s by MLS
a= 9.405249926972697 s= 0.5213725287189093
b and c by MLS
c= 12152.010726539753 b= 1.9180143657686577
Sample size n= 20
Sample:
2980.4091 3330.3572 4947.7124 5320.5833 6235.7132 6713.079 7330.5166 8231.1757 8774.0586 8821.4352 9099.0633 9630.0083 12068.2687 13032.4174 13125.3913 13158.1253 15128.9725 17312.1445 22853.1307 23826.4224
Sample log:
7.99981585195635 8.110834844489036 8.50668060732834 8.579338219182494 8.738048238100163 8.81181299208044 8.899801269887044 9.0156841388753 9.079554760527653 9.084939856851632 9.115926753140933 9.172639366681727 9.398334865526605 9.475195178621025 9.482303900348748 9.484794740324421 9.62436689304208 9.759163528422834 10.036843397878128 10.078550428734014
Observed values sample size n= 20
Empiricalr probability:
0.025 0.075 0.125 0.175 0.225 0.275 0.325 0.375 0.425 0.475 0.525 0.575 0.625 0.675 0.725 0.775 0.825 0.875 0.925 0.975
Tolerance probability= 0.95
Probability range:
0.025 0.075 0.125 0.175 0.225 0.275 0.325 0.375 0.425 0.475 0.525 0.575 0.625 0.675 0.725 0.775 0.825 0.875 0.925 0.975 0.99 0.995
Weibull quantiles:
-3.676247257954172 -2.55153963196627 -2.0134186780399483 -1.6483248395333734 -1.3669143735986529 -1.1344976629754648 -0.9338373062930091 -0.7550148625084082 -0.5917008867505634 -0.43950233320868604 -0.29512238311359534 -0.15587503727672333 -0.0193568885804821 0.11683155794713049 0.2554048587418497 0.3998861591913061 0.555590155974685 0.7320993680864453 0.9517610230733609 1.3053227409632364 1.5271796258079011 1.6673892921414593
Upper non central t quantile
-12.133126041361072 -8.142181335638684 -6.205492135249491 -4.873276249862214 -3.8311657767125116 -2.956429899514853 -2.1874869605623513 -1.4882960891281924 -0.8352066517208491 -0.2110886135070897 0.3977027795682683 1.0031483242765609 1.6168932052811542 2.2515180340675434 2.922196942898321 3.6495235616780697 4.4654468532519305 5.428584695936347 6.6772485273778495 8.778199857468639 10.138215810035877 11.00979391298237
Low non central t quantile
-25.29082704510299 -17.933610390679956 -14.440725473024564 -12.089189514613059 -10.291903061778669 -8.821582967092544 -7.565887632416645 -6.460782080501919 -5.466053626002451 -4.554507012830148 -3.7065224998919923 -2.9069794831145335 -2.1432730654916408 -1.4037732499062234 -0.6762646286709815 0.05420727114997806 0.8093181213294646 1.6271364794505512 2.5948316801962488 4.061274517865534 4.939767196254746 5.48288735002878
Upper tolerance limit
7.9907404690529935 8.456014547063447 8.68179850262962 8.837111483261921 8.958603266619516 9.060582110922281 9.150227356182329 9.23174073510572 9.30787949628985 9.380640701019956 9.451615088038572 9.522199407885394 9.593751284621145 9.667737396649395 9.7459267813582 9.830720294402864 9.925842623877877 10.038127585157705 10.183699863341845 10.428633899048032 10.587187879388306 10.688798582658906
Quantile estimations
7.488555597897174 8.074947256927928 8.355508739433127 8.545858637234993 8.692578323467345 8.813754011601485 8.918372809178656 9.011605918886328 9.096753339402335 9.176105484129824 9.251381223807211 9.323980964623578 9.39515777702536 9.466162691773762 9.53841100402203 9.613739584989961 9.694919371524552 9.786946425785443 9.901471978308551 10.085809345222998 10.20147943028816 10.274580898575323
Low tolerance limit
6.456783560435509 7.314505841253283 7.721714893117249 7.9958626966158945 8.20539473950894 8.376808246054003 8.523200274053199 8.652036177500849 8.768004049437131 8.874274379216237 8.973134484157988 9.066347161203458 9.155381920021506 9.24159461407163 9.32640934540693 9.41156954299484 9.499602209573556 9.594945470533604 9.707761739743376 9.878723226198776 9.98114004755699 10.044458321156164
