MO and Std by observed values
a= 5.036691823768265
s= 0.22676761665406941
Sample size n= 20
Sample:
4.673020907 4.741939078 4.788875116 4.821513528 4.850646235 4.870403905 4.911157609 4.925312091 4.962842681 4.980003372 5.06069784 5.089905111 5.127104798 5.152288344 5.184691431 5.214843848 5.243038049 5.285557309 5.344392274 5.507855872
Observed values sample size n= 20
Empirical probability:
0.025 0.075 0.125 0.175 0.225 0.275 0.325 0.375 0.425 0.475 0.525 0.575 0.625 0.675 0.725 0.775 0.825 0.875 0.925 0.975
Tolerance probability= 0.95
D{b}= [[ 1.00018525e+00 -7.59730878e-17]
 [ 7.17710479e-17  5.38613662e-01]]
Tolerance probability= 0.95
Probability range:
0.005 0.01 0.025 0.05 0.1 0.2 0.3 0.5 0.7 0.8 0.9 0.95 0.975 0.99 0.995
Normal quantiles:
-1.9599639845400545 -1.4395314709384563 -1.1503493803760079 -0.9345892910734802 -0.7554150263604693 -0.5977601260424784 -0.45376219016987945 -0.31863936396437514 -0.18911842627279252 -0.06270677794321385 0.06270677794321385 0.18911842627279238 0.31863936396437514 0.45376219016987956 0.5977601260424784 0.7554150263604693 0.93458929107348 1.1503493803760079 1.4395314709384563 1.959963984540054
Upper non central t quantile
-8.720887152753528 -7.799258432367729 -6.431763136563904 -5.237145511956794 -3.828449260018948 -2.0524919705202183 -0.6987455605828401 1.7386739873903188 4.4667227747773754 6.237675043118998 8.795134950009308 10.965049414291522 12.874342893551065 15.115815045222071 16.65163705792082
Low non central t quantile
-16.651637057920816 -15.115815045222071 -12.874342893551072 -10.96504941429153 -8.795134950009308 -6.237675043118998 -4.466722774777376 -1.7386739873903188 0.6987455605828391 2.0524919705202187 3.828449260018948 5.237145511956793 6.431763136563905 7.799258432367729 8.720887152753523
Upper tolerance limit
4.594483712333693 4.641216537646883 4.710557821573729 4.771133035357703 4.842563487127477 4.932616563749359 5.001260685937171 5.124854384170338 5.263184955480495 5.352984243592697 5.482664801967831 5.592694178614658 5.689508304155902 5.803166140756926 5.8810427305853725
Quantile estimations
4.452577151694769 4.509151460863762 4.592235462266304 4.663692287039678 4.746077429630425 4.845839382505478 4.917774769329291 5.036691823768265 5.15560887820724 5.227544265031053 5.327306217906106 5.409691360496852 5.481148185270227 5.564232186672768 5.620806495841761
Low tolerance limit
4.192340916951158 4.270217506779605 4.383875343380628 4.480689468921872 4.5907188455687 4.7203994039438335 4.810198692056036 4.948529263366193 5.0721229615993595 5.140767083787172 5.230820160409054 5.302250612178827 5.362825825962802 5.432167109889648 5.478899935202837
